Analysis & Synthesis report for memory
Wed Mar 24 10:07:08 2021
Quartus II 64-Bit Version 13.0.1 Build 232 06/12/2013 Service Pack 1 SJ Web Edition


---------------------
; Table of Contents ;
---------------------
  1. Legal Notice
  2. Analysis & Synthesis Summary
  3. Analysis & Synthesis Settings
  4. Parallel Compilation
  5. Analysis & Synthesis Source Files Read
  6. Analysis & Synthesis Resource Usage Summary
  7. Analysis & Synthesis Resource Utilization by Entity
  8. Analysis & Synthesis RAM Summary
  9. Registers Removed During Synthesis
 10. General Register Statistics
 11. Registers Packed Into Inferred Megafunctions
 12. Multiplexer Restructuring Statistics (Restructuring Performed)
 13. Source assignments for rw_96x8_sync:U1|altsyncram:RW_rtl_0|altsyncram_eld1:auto_generated
 14. Source assignments for rw_96x8_sync:U1|altsyncram:RW_rtl_0|altsyncram_eld1:auto_generated|altsyncram_g8h1:altsyncram1
 15. Parameter Settings for Inferred Entity Instance: rw_96x8_sync:U1|altsyncram:RW_rtl_0
 16. altsyncram Parameter Settings by Entity Instance
 17. Elapsed Time Per Partition
 18. Analysis & Synthesis Messages



----------------
; Legal Notice ;
----------------
Copyright (C) 1991-2013 Altera Corporation
Your use of Altera Corporation's design tools, logic functions 
and other software and tools, and its AMPP partner logic 
functions, and any output files from any of the foregoing 
(including device programming or simulation files), and any 
associated documentation or information are expressly subject 
to the terms and conditions of the Altera Program License 
Subscription Agreement, Altera MegaCore Function License 
Agreement, or other applicable license agreement, including, 
without limitation, that your use is for the sole purpose of 
programming logic devices manufactured by Altera and sold by 
Altera or its authorized distributors.  Please refer to the 
applicable agreement for further details.



+--------------------------------------------------------------------------------------+
; Analysis & Synthesis Summary                                                         ;
+------------------------------------+-------------------------------------------------+
; Analysis & Synthesis Status        ; Successful - Wed Mar 24 10:07:08 2021           ;
; Quartus II 64-Bit Version          ; 13.0.1 Build 232 06/12/2013 SP 1 SJ Web Edition ;
; Revision Name                      ; memory                                          ;
; Top-level Entity Name              ; memory                                          ;
; Family                             ; Cyclone II                                      ;
; Total logic elements               ; 260                                             ;
;     Total combinational functions  ; 132                                             ;
;     Dedicated logic registers      ; 135                                             ;
; Total registers                    ; 135                                             ;
; Total pins                         ; 283                                             ;
; Total virtual pins                 ; 0                                               ;
; Total memory bits                  ; 2,048                                           ;
; Embedded Multiplier 9-bit elements ; 0                                               ;
; Total PLLs                         ; 0                                               ;
+------------------------------------+-------------------------------------------------+


+----------------------------------------------------------------------------------------------------------------------+
; Analysis & Synthesis Settings                                                                                        ;
+----------------------------------------------------------------------------+--------------------+--------------------+
; Option                                                                     ; Setting            ; Default Value      ;
+----------------------------------------------------------------------------+--------------------+--------------------+
; Device                                                                     ; EP2C20F484C6       ;                    ;
; Top-level entity name                                                      ; memory             ; memory             ;
; Family name                                                                ; Cyclone II         ; Cyclone IV GX      ;
; Use smart compilation                                                      ; Off                ; Off                ;
; Enable parallel Assembler and TimeQuest Timing Analyzer during compilation ; On                 ; On                 ;
; Enable compact report table                                                ; Off                ; Off                ;
; Restructure Multiplexers                                                   ; Auto               ; Auto               ;
; Create Debugging Nodes for IP Cores                                        ; Off                ; Off                ;
; Preserve fewer node names                                                  ; On                 ; On                 ;
; Disable OpenCore Plus hardware evaluation                                  ; Off                ; Off                ;
; Verilog Version                                                            ; Verilog_2001       ; Verilog_2001       ;
; VHDL Version                                                               ; VHDL_1993          ; VHDL_1993          ;
; State Machine Processing                                                   ; Auto               ; Auto               ;
; Safe State Machine                                                         ; Off                ; Off                ;
; Extract Verilog State Machines                                             ; On                 ; On                 ;
; Extract VHDL State Machines                                                ; On                 ; On                 ;
; Ignore Verilog initial constructs                                          ; Off                ; Off                ;
; Iteration limit for constant Verilog loops                                 ; 5000               ; 5000               ;
; Iteration limit for non-constant Verilog loops                             ; 250                ; 250                ;
; Add Pass-Through Logic to Inferred RAMs                                    ; On                 ; On                 ;
; Infer RAMs from Raw Logic                                                  ; On                 ; On                 ;
; Parallel Synthesis                                                         ; On                 ; On                 ;
; DSP Block Balancing                                                        ; Auto               ; Auto               ;
; NOT Gate Push-Back                                                         ; On                 ; On                 ;
; Power-Up Don't Care                                                        ; On                 ; On                 ;
; Remove Redundant Logic Cells                                               ; Off                ; Off                ;
; Remove Duplicate Registers                                                 ; On                 ; On                 ;
; Ignore CARRY Buffers                                                       ; Off                ; Off                ;
; Ignore CASCADE Buffers                                                     ; Off                ; Off                ;
; Ignore GLOBAL Buffers                                                      ; Off                ; Off                ;
; Ignore ROW GLOBAL Buffers                                                  ; Off                ; Off                ;
; Ignore LCELL Buffers                                                       ; Off                ; Off                ;
; Ignore SOFT Buffers                                                        ; On                 ; On                 ;
; Limit AHDL Integers to 32 Bits                                             ; Off                ; Off                ;
; Optimization Technique                                                     ; Balanced           ; Balanced           ;
; Carry Chain Length                                                         ; 70                 ; 70                 ;
; Auto Carry Chains                                                          ; On                 ; On                 ;
; Auto Open-Drain Pins                                                       ; On                 ; On                 ;
; Perform WYSIWYG Primitive Resynthesis                                      ; Off                ; Off                ;
; Auto ROM Replacement                                                       ; On                 ; On                 ;
; Auto RAM Replacement                                                       ; On                 ; On                 ;
; Auto Shift Register Replacement                                            ; Auto               ; Auto               ;
; Allow Shift Register Merging across Hierarchies                            ; Auto               ; Auto               ;
; Auto Clock Enable Replacement                                              ; On                 ; On                 ;
; Strict RAM Replacement                                                     ; Off                ; Off                ;
; Allow Synchronous Control Signals                                          ; On                 ; On                 ;
; Force Use of Synchronous Clear Signals                                     ; Off                ; Off                ;
; Auto RAM to Logic Cell Conversion                                          ; Off                ; Off                ;
; Auto Resource Sharing                                                      ; Off                ; Off                ;
; Allow Any RAM Size For Recognition                                         ; Off                ; Off                ;
; Allow Any ROM Size For Recognition                                         ; Off                ; Off                ;
; Allow Any Shift Register Size For Recognition                              ; Off                ; Off                ;
; Use LogicLock Constraints during Resource Balancing                        ; On                 ; On                 ;
; Ignore translate_off and synthesis_off directives                          ; Off                ; Off                ;
; Timing-Driven Synthesis                                                    ; Off                ; Off                ;
; Report Parameter Settings                                                  ; On                 ; On                 ;
; Report Source Assignments                                                  ; On                 ; On                 ;
; Report Connectivity Checks                                                 ; On                 ; On                 ;
; Ignore Maximum Fan-Out Assignments                                         ; Off                ; Off                ;
; Synchronization Register Chain Length                                      ; 2                  ; 2                  ;
; PowerPlay Power Optimization                                               ; Normal compilation ; Normal compilation ;
; HDL message level                                                          ; Level2             ; Level2             ;
; Suppress Register Optimization Related Messages                            ; Off                ; Off                ;
; Number of Removed Registers Reported in Synthesis Report                   ; 5000               ; 5000               ;
; Number of Swept Nodes Reported in Synthesis Report                         ; 5000               ; 5000               ;
; Number of Inverted Registers Reported in Synthesis Report                  ; 100                ; 100                ;
; Clock MUX Protection                                                       ; On                 ; On                 ;
; Auto Gated Clock Conversion                                                ; Off                ; Off                ;
; Block Design Naming                                                        ; Auto               ; Auto               ;
; SDC constraint protection                                                  ; Off                ; Off                ;
; Synthesis Effort                                                           ; Auto               ; Auto               ;
; Shift Register Replacement - Allow Asynchronous Clear Signal               ; On                 ; On                 ;
; Pre-Mapping Resynthesis Optimization                                       ; Off                ; Off                ;
; Analysis & Synthesis Message Level                                         ; Medium             ; Medium             ;
; Disable Register Merging Across Hierarchies                                ; Auto               ; Auto               ;
; Resource Aware Inference For Block RAM                                     ; On                 ; On                 ;
; Synthesis Seed                                                             ; 1                  ; 1                  ;
+----------------------------------------------------------------------------+--------------------+--------------------+


Parallel compilation was disabled, but you have multiple processors available. Enable parallel compilation to reduce compilation time.
+-------------------------------------+
; Parallel Compilation                ;
+----------------------------+--------+
; Processors                 ; Number ;
+----------------------------+--------+
; Number detected on machine ; 4      ;
; Maximum allowed            ; 1      ;
+----------------------------+--------+


+---------------------------------------------------------------------------------------------------------------------------------------------------------------------------+
; Analysis & Synthesis Source Files Read                                                                                                                                    ;
+--------------------------------------+-----------------+------------------------------+-------------------------------------------------------------------------+---------+
; File Name with User-Entered Path     ; Used in Netlist ; File Type                    ; File Name with Absolute Path                                            ; Library ;
+--------------------------------------+-----------------+------------------------------+-------------------------------------------------------------------------+---------+
; ../rw_96x8_sync/rw_96x8sync.vhd      ; yes             ; User VHDL File               ; C:/Users/jdgar/Desktop/Digitales/VDHL/rw_96x8_sync/rw_96x8sync.vhd      ;         ;
; ../rom_128x8_sync/rom_128x8_sync.vhd ; yes             ; User VHDL File               ; C:/Users/jdgar/Desktop/Digitales/VDHL/rom_128x8_sync/rom_128x8_sync.vhd ;         ;
; ../Mux_3to1/Mux_3to1.vhd             ; yes             ; User VHDL File               ; C:/Users/jdgar/Desktop/Digitales/VDHL/Mux_3to1/Mux_3to1.vhd             ;         ;
; ../Outs_16_Ports/Outs_16_Ports.vhd   ; yes             ; User VHDL File               ; C:/Users/jdgar/Desktop/Digitales/VDHL/Outs_16_Ports/Outs_16_Ports.vhd   ;         ;
; memory.vhd                           ; yes             ; User VHDL File               ; C:/Users/jdgar/Desktop/Digitales/VDHL/memory/memory.vhd                 ;         ;
; altsyncram.tdf                       ; yes             ; Megafunction                 ; c:/altera/13.0sp1/quartus/libraries/megafunctions/altsyncram.tdf        ;         ;
; stratix_ram_block.inc                ; yes             ; Megafunction                 ; c:/altera/13.0sp1/quartus/libraries/megafunctions/stratix_ram_block.inc ;         ;
; lpm_mux.inc                          ; yes             ; Megafunction                 ; c:/altera/13.0sp1/quartus/libraries/megafunctions/lpm_mux.inc           ;         ;
; lpm_decode.inc                       ; yes             ; Megafunction                 ; c:/altera/13.0sp1/quartus/libraries/megafunctions/lpm_decode.inc        ;         ;
; aglobal130.inc                       ; yes             ; Megafunction                 ; c:/altera/13.0sp1/quartus/libraries/megafunctions/aglobal130.inc        ;         ;
; a_rdenreg.inc                        ; yes             ; Megafunction                 ; c:/altera/13.0sp1/quartus/libraries/megafunctions/a_rdenreg.inc         ;         ;
; altrom.inc                           ; yes             ; Megafunction                 ; c:/altera/13.0sp1/quartus/libraries/megafunctions/altrom.inc            ;         ;
; altram.inc                           ; yes             ; Megafunction                 ; c:/altera/13.0sp1/quartus/libraries/megafunctions/altram.inc            ;         ;
; altdpram.inc                         ; yes             ; Megafunction                 ; c:/altera/13.0sp1/quartus/libraries/megafunctions/altdpram.inc          ;         ;
; db/altsyncram_eld1.tdf               ; yes             ; Auto-Generated Megafunction  ; C:/Users/jdgar/Desktop/Digitales/VDHL/memory/db/altsyncram_eld1.tdf     ;         ;
; db/altsyncram_g8h1.tdf               ; yes             ; Auto-Generated Megafunction  ; C:/Users/jdgar/Desktop/Digitales/VDHL/memory/db/altsyncram_g8h1.tdf     ;         ;
+--------------------------------------+-----------------+------------------------------+-------------------------------------------------------------------------+---------+


+-----------------------------------------------------+
; Analysis & Synthesis Resource Usage Summary         ;
+---------------------------------------------+-------+
; Resource                                    ; Usage ;
+---------------------------------------------+-------+
; Estimated Total logic elements              ; 260   ;
;                                             ;       ;
; Total combinational functions               ; 132   ;
; Logic element usage by number of LUT inputs ;       ;
;     -- 4 input functions                    ; 106   ;
;     -- 3 input functions                    ; 22    ;
;     -- <=2 input functions                  ; 4     ;
;                                             ;       ;
; Logic elements by mode                      ;       ;
;     -- normal mode                          ; 132   ;
;     -- arithmetic mode                      ; 0     ;
;                                             ;       ;
; Total registers                             ; 135   ;
;     -- Dedicated logic registers            ; 135   ;
;     -- I/O registers                        ; 0     ;
;                                             ;       ;
; I/O pins                                    ; 283   ;
; Total memory bits                           ; 2048  ;
; Embedded Multiplier 9-bit elements          ; 0     ;
; Maximum fan-out node                        ; clock ;
; Maximum fan-out                             ; 143   ;
; Total fan-out                               ; 1263  ;
; Average fan-out                             ; 2.26  ;
+---------------------------------------------+-------+


+-------------------------------------------------------------------------------------------------------------------------------------------------------------------------------------------------------------------------------------------------------------------------------+
; Analysis & Synthesis Resource Utilization by Entity                                                                                                                                                                                                                           ;
+-------------------------------------------+-------------------+--------------+-------------+--------------+---------+-----------+------+--------------+--------------------------------------------------------------------------------------------------------+--------------+
; Compilation Hierarchy Node                ; LC Combinationals ; LC Registers ; Memory Bits ; DSP Elements ; DSP 9x9 ; DSP 18x18 ; Pins ; Virtual Pins ; Full Hierarchy Name                                                                                    ; Library Name ;
+-------------------------------------------+-------------------+--------------+-------------+--------------+---------+-----------+------+--------------+--------------------------------------------------------------------------------------------------------+--------------+
; |memory                                   ; 132 (0)           ; 135 (0)      ; 2048        ; 0            ; 0       ; 0         ; 283  ; 0            ; |memory                                                                                                ; work         ;
;    |Mux_3to1:U3|                          ; 97 (97)           ; 0 (0)        ; 0           ; 0            ; 0       ; 0         ; 0    ; 0            ; |memory|Mux_3to1:U3                                                                                    ; work         ;
;    |Outs_16_Ports:U2|                     ; 23 (23)           ; 128 (128)    ; 0           ; 0            ; 0       ; 0         ; 0    ; 0            ; |memory|Outs_16_Ports:U2                                                                               ; work         ;
;    |rom_128x8_sync:U0|                    ; 10 (10)           ; 7 (7)        ; 0           ; 0            ; 0       ; 0         ; 0    ; 0            ; |memory|rom_128x8_sync:U0                                                                              ; work         ;
;    |rw_96x8_sync:U1|                      ; 2 (2)             ; 0 (0)        ; 2048        ; 0            ; 0       ; 0         ; 0    ; 0            ; |memory|rw_96x8_sync:U1                                                                                ; work         ;
;       |altsyncram:RW_rtl_0|               ; 0 (0)             ; 0 (0)        ; 2048        ; 0            ; 0       ; 0         ; 0    ; 0            ; |memory|rw_96x8_sync:U1|altsyncram:RW_rtl_0                                                            ; work         ;
;          |altsyncram_eld1:auto_generated| ; 0 (0)             ; 0 (0)        ; 2048        ; 0            ; 0       ; 0         ; 0    ; 0            ; |memory|rw_96x8_sync:U1|altsyncram:RW_rtl_0|altsyncram_eld1:auto_generated                             ; work         ;
;             |altsyncram_g8h1:altsyncram1| ; 0 (0)             ; 0 (0)        ; 2048        ; 0            ; 0       ; 0         ; 0    ; 0            ; |memory|rw_96x8_sync:U1|altsyncram:RW_rtl_0|altsyncram_eld1:auto_generated|altsyncram_g8h1:altsyncram1 ; work         ;
+-------------------------------------------+-------------------+--------------+-------------+--------------+---------+-----------+------+--------------+--------------------------------------------------------------------------------------------------------+--------------+
Note: For table entries with two numbers listed, the numbers in parentheses indicate the number of resources of the given type used by the specific entity alone. The numbers listed outside of parentheses indicate the total resources of the given type used by the specific entity and all of its sub-entities in the hierarchy.


+-------------------------------------------------------------------------------------------------------------------------------------------------------------------------------------------------------------+
; Analysis & Synthesis RAM Summary                                                                                                                                                                            ;
+-----------------------------------------------------------------------------------------------------------+------+----------------+--------------+--------------+--------------+--------------+------+------+
; Name                                                                                                      ; Type ; Mode           ; Port A Depth ; Port A Width ; Port B Depth ; Port B Width ; Size ; MIF  ;
+-----------------------------------------------------------------------------------------------------------+------+----------------+--------------+--------------+--------------+--------------+------+------+
; rw_96x8_sync:U1|altsyncram:RW_rtl_0|altsyncram_eld1:auto_generated|altsyncram_g8h1:altsyncram1|ALTSYNCRAM ; AUTO ; True Dual Port ; 256          ; 8            ; 256          ; 8            ; 2048 ; None ;
+-----------------------------------------------------------------------------------------------------------+------+----------------+--------------+--------------+--------------+--------------+------+------+


+--------------------------------------------------------------------------------+
; Registers Removed During Synthesis                                             ;
+---------------------------------------+----------------------------------------+
; Register name                         ; Reason for Removal                     ;
+---------------------------------------+----------------------------------------+
; rom_128x8_sync:U0|data_out[0]         ; Stuck at GND due to stuck port data_in ;
; Total Number of Removed Registers = 1 ;                                        ;
+---------------------------------------+----------------------------------------+


+------------------------------------------------------+
; General Register Statistics                          ;
+----------------------------------------------+-------+
; Statistic                                    ; Value ;
+----------------------------------------------+-------+
; Total registers                              ; 135   ;
; Number of registers using Synchronous Clear  ; 0     ;
; Number of registers using Synchronous Load   ; 0     ;
; Number of registers using Asynchronous Clear ; 128   ;
; Number of registers using Asynchronous Load  ; 0     ;
; Number of registers using Clock Enable       ; 135   ;
; Number of registers using Preset             ; 0     ;
+----------------------------------------------+-------+


+------------------------------------------------------------------+
; Registers Packed Into Inferred Megafunctions                     ;
+--------------------------------+--------------------------+------+
; Register Name                  ; Megafunction             ; Type ;
+--------------------------------+--------------------------+------+
; rw_96x8_sync:U1|data_out[0..7] ; rw_96x8_sync:U1|RW_rtl_0 ; RAM  ;
+--------------------------------+--------------------------+------+


+-----------------------------------------------------------------------------------------------------------------------------------------------+
; Multiplexer Restructuring Statistics (Restructuring Performed)                                                                                ;
+--------------------+-----------+---------------+----------------------+------------------------+------------+---------------------------------+
; Multiplexer Inputs ; Bus Width ; Baseline Area ; Area if Restructured ; Saving if Restructured ; Registered ; Example Multiplexer Output      ;
+--------------------+-----------+---------------+----------------------+------------------------+------------+---------------------------------+
; 20:1               ; 7 bits    ; 91 LEs        ; 84 LEs               ; 7 LEs                  ; No         ; |memory|Mux_3to1:U3|data_out[1] ;
+--------------------+-----------+---------------+----------------------+------------------------+------------+---------------------------------+


+-------------------------------------------------------------------------------------------+
; Source assignments for rw_96x8_sync:U1|altsyncram:RW_rtl_0|altsyncram_eld1:auto_generated ;
+---------------------------------+--------------------+------+-----------------------------+
; Assignment                      ; Value              ; From ; To                          ;
+---------------------------------+--------------------+------+-----------------------------+
; OPTIMIZE_POWER_DURING_SYNTHESIS ; NORMAL_COMPILATION ; -    ; -                           ;
+---------------------------------+--------------------+------+-----------------------------+


+-----------------------------------------------------------------------------------------------------------------------+
; Source assignments for rw_96x8_sync:U1|altsyncram:RW_rtl_0|altsyncram_eld1:auto_generated|altsyncram_g8h1:altsyncram1 ;
+---------------------------------+--------------------+------+---------------------------------------------------------+
; Assignment                      ; Value              ; From ; To                                                      ;
+---------------------------------+--------------------+------+---------------------------------------------------------+
; OPTIMIZE_POWER_DURING_SYNTHESIS ; NORMAL_COMPILATION ; -    ; -                                                       ;
+---------------------------------+--------------------+------+---------------------------------------------------------+


+--------------------------------------------------------------------------------------+
; Parameter Settings for Inferred Entity Instance: rw_96x8_sync:U1|altsyncram:RW_rtl_0 ;
+------------------------------------+----------------------+--------------------------+
; Parameter Name                     ; Value                ; Type                     ;
+------------------------------------+----------------------+--------------------------+
; BYTE_SIZE_BLOCK                    ; 8                    ; Untyped                  ;
; AUTO_CARRY_CHAINS                  ; ON                   ; AUTO_CARRY               ;
; IGNORE_CARRY_BUFFERS               ; OFF                  ; IGNORE_CARRY             ;
; AUTO_CASCADE_CHAINS                ; ON                   ; AUTO_CASCADE             ;
; IGNORE_CASCADE_BUFFERS             ; OFF                  ; IGNORE_CASCADE           ;
; WIDTH_BYTEENA                      ; 1                    ; Untyped                  ;
; OPERATION_MODE                     ; DUAL_PORT            ; Untyped                  ;
; WIDTH_A                            ; 8                    ; Untyped                  ;
; WIDTHAD_A                          ; 8                    ; Untyped                  ;
; NUMWORDS_A                         ; 256                  ; Untyped                  ;
; OUTDATA_REG_A                      ; UNREGISTERED         ; Untyped                  ;
; ADDRESS_ACLR_A                     ; NONE                 ; Untyped                  ;
; OUTDATA_ACLR_A                     ; NONE                 ; Untyped                  ;
; WRCONTROL_ACLR_A                   ; NONE                 ; Untyped                  ;
; INDATA_ACLR_A                      ; NONE                 ; Untyped                  ;
; BYTEENA_ACLR_A                     ; NONE                 ; Untyped                  ;
; WIDTH_B                            ; 8                    ; Untyped                  ;
; WIDTHAD_B                          ; 8                    ; Untyped                  ;
; NUMWORDS_B                         ; 256                  ; Untyped                  ;
; INDATA_REG_B                       ; CLOCK1               ; Untyped                  ;
; WRCONTROL_WRADDRESS_REG_B          ; CLOCK1               ; Untyped                  ;
; RDCONTROL_REG_B                    ; CLOCK1               ; Untyped                  ;
; ADDRESS_REG_B                      ; CLOCK1               ; Untyped                  ;
; OUTDATA_REG_B                      ; UNREGISTERED         ; Untyped                  ;
; BYTEENA_REG_B                      ; CLOCK1               ; Untyped                  ;
; INDATA_ACLR_B                      ; NONE                 ; Untyped                  ;
; WRCONTROL_ACLR_B                   ; NONE                 ; Untyped                  ;
; ADDRESS_ACLR_B                     ; NONE                 ; Untyped                  ;
; OUTDATA_ACLR_B                     ; NONE                 ; Untyped                  ;
; RDCONTROL_ACLR_B                   ; NONE                 ; Untyped                  ;
; BYTEENA_ACLR_B                     ; NONE                 ; Untyped                  ;
; WIDTH_BYTEENA_A                    ; 1                    ; Untyped                  ;
; WIDTH_BYTEENA_B                    ; 1                    ; Untyped                  ;
; RAM_BLOCK_TYPE                     ; AUTO                 ; Untyped                  ;
; BYTE_SIZE                          ; 8                    ; Untyped                  ;
; READ_DURING_WRITE_MODE_MIXED_PORTS ; DONT_CARE            ; Untyped                  ;
; READ_DURING_WRITE_MODE_PORT_A      ; NEW_DATA_NO_NBE_READ ; Untyped                  ;
; READ_DURING_WRITE_MODE_PORT_B      ; NEW_DATA_NO_NBE_READ ; Untyped                  ;
; INIT_FILE                          ; UNUSED               ; Untyped                  ;
; INIT_FILE_LAYOUT                   ; PORT_A               ; Untyped                  ;
; MAXIMUM_DEPTH                      ; 0                    ; Untyped                  ;
; CLOCK_ENABLE_INPUT_A               ; NORMAL               ; Untyped                  ;
; CLOCK_ENABLE_INPUT_B               ; NORMAL               ; Untyped                  ;
; CLOCK_ENABLE_OUTPUT_A              ; NORMAL               ; Untyped                  ;
; CLOCK_ENABLE_OUTPUT_B              ; NORMAL               ; Untyped                  ;
; CLOCK_ENABLE_CORE_A                ; USE_INPUT_CLKEN      ; Untyped                  ;
; CLOCK_ENABLE_CORE_B                ; USE_INPUT_CLKEN      ; Untyped                  ;
; ENABLE_ECC                         ; FALSE                ; Untyped                  ;
; ECC_PIPELINE_STAGE_ENABLED         ; FALSE                ; Untyped                  ;
; WIDTH_ECCSTATUS                    ; 3                    ; Untyped                  ;
; DEVICE_FAMILY                      ; Cyclone II           ; Untyped                  ;
; CBXI_PARAMETER                     ; altsyncram_eld1      ; Untyped                  ;
+------------------------------------+----------------------+--------------------------+
Note: In order to hide this table in the UI and the text report file, please set the "Show Parameter Settings in Synthesis Report" option in "Analysis and Synthesis Settings -> More Settings" to "Off".


+---------------------------------------------------------------------------------+
; altsyncram Parameter Settings by Entity Instance                                ;
+-------------------------------------------+-------------------------------------+
; Name                                      ; Value                               ;
+-------------------------------------------+-------------------------------------+
; Number of entity instances                ; 1                                   ;
; Entity Instance                           ; rw_96x8_sync:U1|altsyncram:RW_rtl_0 ;
;     -- OPERATION_MODE                     ; DUAL_PORT                           ;
;     -- WIDTH_A                            ; 8                                   ;
;     -- NUMWORDS_A                         ; 256                                 ;
;     -- OUTDATA_REG_A                      ; UNREGISTERED                        ;
;     -- WIDTH_B                            ; 8                                   ;
;     -- NUMWORDS_B                         ; 256                                 ;
;     -- ADDRESS_REG_B                      ; CLOCK1                              ;
;     -- OUTDATA_REG_B                      ; UNREGISTERED                        ;
;     -- RAM_BLOCK_TYPE                     ; AUTO                                ;
;     -- READ_DURING_WRITE_MODE_MIXED_PORTS ; DONT_CARE                           ;
+-------------------------------------------+-------------------------------------+


+-------------------------------+
; Elapsed Time Per Partition    ;
+----------------+--------------+
; Partition Name ; Elapsed Time ;
+----------------+--------------+
; Top            ; 00:00:08     ;
+----------------+--------------+


+-------------------------------+
; Analysis & Synthesis Messages ;
+-------------------------------+
Info: *******************************************************************
Info: Running Quartus II 64-Bit Analysis & Synthesis
    Info: Version 13.0.1 Build 232 06/12/2013 Service Pack 1 SJ Web Edition
    Info: Processing started: Wed Mar 24 10:06:51 2021
Info: Command: quartus_map --read_settings_files=on --write_settings_files=off memory -c memory
Warning (20028): Parallel compilation is not licensed and has been disabled
Info (12021): Found 2 design units, including 1 entities, in source file /users/jdgar/desktop/digitales/vdhl/rw_96x8_sync/rw_96x8sync.vhd
    Info (12022): Found design unit 1: rw_96x8_sync-rw_96x8_sync_arch
    Info (12023): Found entity 1: rw_96x8_sync
Info (12021): Found 2 design units, including 1 entities, in source file /users/jdgar/desktop/digitales/vdhl/rom_128x8_sync/rom_128x8_sync.vhd
    Info (12022): Found design unit 1: rom_128x8_sync-rom_128x8_sync_arch
    Info (12023): Found entity 1: rom_128x8_sync
Info (12021): Found 2 design units, including 1 entities, in source file /users/jdgar/desktop/digitales/vdhl/mux_3to1/mux_3to1.vhd
    Info (12022): Found design unit 1: Mux_3to1-Mux_3to1_arch
    Info (12023): Found entity 1: Mux_3to1
Info (12021): Found 2 design units, including 1 entities, in source file /users/jdgar/desktop/digitales/vdhl/outs_16_ports/outs_16_ports.vhd
    Info (12022): Found design unit 1: Outs_16_Ports-Outs_16_Ports_arch
    Info (12023): Found entity 1: Outs_16_Ports
Info (12021): Found 2 design units, including 1 entities, in source file memory.vhd
    Info (12022): Found design unit 1: memory-memory_arch
    Info (12023): Found entity 1: memory
Info (12127): Elaborating entity "memory" for the top level hierarchy
Info (12128): Elaborating entity "rom_128x8_sync" for hierarchy "rom_128x8_sync:U0"
Info (12128): Elaborating entity "rw_96x8_sync" for hierarchy "rw_96x8_sync:U1"
Info (12128): Elaborating entity "Outs_16_Ports" for hierarchy "Outs_16_Ports:U2"
Info (12128): Elaborating entity "Mux_3to1" for hierarchy "Mux_3to1:U3"
Warning (276027): Inferred dual-clock RAM node "rw_96x8_sync:U1|RW_rtl_0" from synchronous design logic.  The read-during-write behavior of a dual-clock RAM is undefined and may not match the behavior of the original design.
Info (19000): Inferred 1 megafunctions from design logic
    Info (276029): Inferred altsyncram megafunction from the following design logic: "rw_96x8_sync:U1|RW_rtl_0" 
        Info (286033): Parameter OPERATION_MODE set to DUAL_PORT
        Info (286033): Parameter WIDTH_A set to 8
        Info (286033): Parameter WIDTHAD_A set to 8
        Info (286033): Parameter NUMWORDS_A set to 256
        Info (286033): Parameter WIDTH_B set to 8
        Info (286033): Parameter WIDTHAD_B set to 8
        Info (286033): Parameter NUMWORDS_B set to 256
        Info (286033): Parameter ADDRESS_ACLR_A set to NONE
        Info (286033): Parameter OUTDATA_REG_B set to UNREGISTERED
        Info (286033): Parameter ADDRESS_ACLR_B set to NONE
        Info (286033): Parameter OUTDATA_ACLR_B set to NONE
        Info (286033): Parameter ADDRESS_REG_B set to CLOCK1
        Info (286033): Parameter INDATA_ACLR_A set to NONE
        Info (286033): Parameter WRCONTROL_ACLR_A set to NONE
Info (12130): Elaborated megafunction instantiation "rw_96x8_sync:U1|altsyncram:RW_rtl_0"
Info (12133): Instantiated megafunction "rw_96x8_sync:U1|altsyncram:RW_rtl_0" with the following parameter:
    Info (12134): Parameter "OPERATION_MODE" = "DUAL_PORT"
    Info (12134): Parameter "WIDTH_A" = "8"
    Info (12134): Parameter "WIDTHAD_A" = "8"
    Info (12134): Parameter "NUMWORDS_A" = "256"
    Info (12134): Parameter "WIDTH_B" = "8"
    Info (12134): Parameter "WIDTHAD_B" = "8"
    Info (12134): Parameter "NUMWORDS_B" = "256"
    Info (12134): Parameter "ADDRESS_ACLR_A" = "NONE"
    Info (12134): Parameter "OUTDATA_REG_B" = "UNREGISTERED"
    Info (12134): Parameter "ADDRESS_ACLR_B" = "NONE"
    Info (12134): Parameter "OUTDATA_ACLR_B" = "NONE"
    Info (12134): Parameter "ADDRESS_REG_B" = "CLOCK1"
    Info (12134): Parameter "INDATA_ACLR_A" = "NONE"
    Info (12134): Parameter "WRCONTROL_ACLR_A" = "NONE"
Info (12021): Found 1 design units, including 1 entities, in source file db/altsyncram_eld1.tdf
    Info (12023): Found entity 1: altsyncram_eld1
Info (12021): Found 1 design units, including 1 entities, in source file db/altsyncram_g8h1.tdf
    Info (12023): Found entity 1: altsyncram_g8h1
Info (16010): Generating hard_block partition "hard_block:auto_generated_inst"
    Info (16011): Adding 0 node(s), including 0 DDIO, 0 PLL, 0 transceiver and 0 LCELL
Info (21057): Implemented 551 device resources after synthesis - the final resource count might be different
    Info (21058): Implemented 147 input pins
    Info (21059): Implemented 136 output pins
    Info (21061): Implemented 260 logic cells
    Info (21064): Implemented 8 RAM segments
Info: Quartus II 64-Bit Analysis & Synthesis was successful. 0 errors, 2 warnings
    Info: Peak virtual memory: 4650 megabytes
    Info: Processing ended: Wed Mar 24 10:07:09 2021
    Info: Elapsed time: 00:00:18
    Info: Total CPU time (on all processors): 00:00:09


