Flow report for rw_96x8sync
Thu Apr 01 16:44:53 2021
Quartus II 64-Bit Version 13.0.1 Build 232 06/12/2013 Service Pack 1 SJ Web Edition


---------------------
; Table of Contents ;
---------------------
  1. Legal Notice
  2. Flow Summary
  3. Flow Settings
  4. Flow Non-Default Global Settings
  5. Flow Elapsed Time
  6. Flow OS Summary
  7. Flow Log
  8. Flow Messages
  9. Flow Suppressed Messages



----------------
; Legal Notice ;
----------------
Copyright (C) 1991-2013 Altera Corporation
Your use of Altera Corporation's design tools, logic functions 
and other software and tools, and its AMPP partner logic 
functions, and any output files from any of the foregoing 
(including device programming or simulation files), and any 
associated documentation or information are expressly subject 
to the terms and conditions of the Altera Program License 
Subscription Agreement, Altera MegaCore Function License 
Agreement, or other applicable license agreement, including, 
without limitation, that your use is for the sole purpose of 
programming logic devices manufactured by Altera and sold by 
Altera or its authorized distributors.  Please refer to the 
applicable agreement for further details.



+--------------------------------------------------------------------------------------+
; Flow Summary                                                                         ;
+------------------------------------+-------------------------------------------------+
; Flow Status                        ; Successful - Thu Apr 01 16:44:53 2021           ;
; Quartus II 64-Bit Version          ; 13.0.1 Build 232 06/12/2013 SP 1 SJ Web Edition ;
; Revision Name                      ; rw_96x8sync                                     ;
; Top-level Entity Name              ; rw_96x8_sync                                    ;
; Family                             ; Cyclone II                                      ;
; Device                             ; EP2C5T144C6                                     ;
; Timing Models                      ; Final                                           ;
; Total logic elements               ; 2,659 / 4,608 ( 58 % )                          ;
;     Total combinational functions  ; 1,650 / 4,608 ( 36 % )                          ;
;     Dedicated logic registers      ; 2,056 / 4,608 ( 45 % )                          ;
; Total registers                    ; 2056                                            ;
; Total pins                         ; 26 / 89 ( 29 % )                                ;
; Total virtual pins                 ; 0                                               ;
; Total memory bits                  ; 0 / 119,808 ( 0 % )                             ;
; Embedded Multiplier 9-bit elements ; 0 / 26 ( 0 % )                                  ;
; Total PLLs                         ; 0 / 2 ( 0 % )                                   ;
+------------------------------------+-------------------------------------------------+


+-----------------------------------------+
; Flow Settings                           ;
+-------------------+---------------------+
; Option            ; Setting             ;
+-------------------+---------------------+
; Start date & time ; 04/01/2021 16:43:44 ;
; Main task         ; Compilation         ;
; Revision Name     ; rw_96x8sync         ;
+-------------------+---------------------+


+-----------------------------------------------------------------------------------------------------------------------+
; Flow Non-Default Global Settings                                                                                      ;
+-------------------------------------+---------------------------------+---------------+--------------+----------------+
; Assignment Name                     ; Value                           ; Default Value ; Entity Name  ; Section Id     ;
+-------------------------------------+---------------------------------+---------------+--------------+----------------+
; COMPILER_SIGNATURE_ID               ; 220812855631383.161731342312908 ; --            ; --           ; --             ;
; EDA_GENERATE_FUNCTIONAL_NETLIST     ; On                              ; --            ; --           ; eda_simulation ;
; EDA_OUTPUT_DATA_FORMAT              ; Verilog Hdl                     ; --            ; --           ; eda_simulation ;
; EDA_SIMULATION_TOOL                 ; ModelSim-Altera (Verilog)       ; <None>        ; --           ; --             ;
; MAX_CORE_JUNCTION_TEMP              ; 85                              ; --            ; --           ; --             ;
; MIN_CORE_JUNCTION_TEMP              ; 0                               ; --            ; --           ; --             ;
; PARTITION_COLOR                     ; 16764057                        ; --            ; rw_96x8_sync ; Top            ;
; PARTITION_FITTER_PRESERVATION_LEVEL ; PLACEMENT_AND_ROUTING           ; --            ; rw_96x8_sync ; Top            ;
; PARTITION_NETLIST_TYPE              ; SOURCE                          ; --            ; rw_96x8_sync ; Top            ;
; PROJECT_OUTPUT_DIRECTORY            ; output_files                    ; --            ; --           ; --             ;
; TOP_LEVEL_ENTITY                    ; rw_96x8_sync                    ; rw_96x8sync   ; --           ; --             ;
+-------------------------------------+---------------------------------+---------------+--------------+----------------+


+-------------------------------------------------------------------------------------------------------------------------------+
; Flow Elapsed Time                                                                                                             ;
+---------------------------+--------------+-------------------------+---------------------+------------------------------------+
; Module Name               ; Elapsed Time ; Average Processors Used ; Peak Virtual Memory ; Total CPU Time (on all processors) ;
+---------------------------+--------------+-------------------------+---------------------+------------------------------------+
; Analysis & Synthesis      ; 00:00:17     ; 1.0                     ; 4658 MB             ; 00:00:14                           ;
; Fitter                    ; 00:00:31     ; 1.0                     ; 4831 MB             ; 00:00:30                           ;
; Assembler                 ; 00:00:03     ; 1.0                     ; 4555 MB             ; 00:00:02                           ;
; TimeQuest Timing Analyzer ; 00:00:04     ; 1.0                     ; 4571 MB             ; 00:00:04                           ;
; EDA Netlist Writer        ; 00:00:04     ; 1.0                     ; 4526 MB             ; 00:00:03                           ;
; Total                     ; 00:00:59     ; --                      ; --                  ; 00:00:53                           ;
+---------------------------+--------------+-------------------------+---------------------+------------------------------------+


+----------------------------------------------------------------------------------------+
; Flow OS Summary                                                                        ;
+---------------------------+------------------+-----------+------------+----------------+
; Module Name               ; Machine Hostname ; OS Name   ; OS Version ; Processor type ;
+---------------------------+------------------+-----------+------------+----------------+
; Analysis & Synthesis      ; LAPTOP-R47UOE9E  ; Windows 7 ; 6.2        ; x86_64         ;
; Fitter                    ; LAPTOP-R47UOE9E  ; Windows 7 ; 6.2        ; x86_64         ;
; Assembler                 ; LAPTOP-R47UOE9E  ; Windows 7 ; 6.2        ; x86_64         ;
; TimeQuest Timing Analyzer ; LAPTOP-R47UOE9E  ; Windows 7 ; 6.2        ; x86_64         ;
; EDA Netlist Writer        ; LAPTOP-R47UOE9E  ; Windows 7 ; 6.2        ; x86_64         ;
+---------------------------+------------------+-----------+------------+----------------+


------------
; Flow Log ;
------------
quartus_map --read_settings_files=on --write_settings_files=off rw_96x8_sync -c rw_96x8sync
quartus_fit --read_settings_files=off --write_settings_files=off rw_96x8_sync -c rw_96x8sync
quartus_asm --read_settings_files=off --write_settings_files=off rw_96x8_sync -c rw_96x8sync
quartus_sta rw_96x8_sync -c rw_96x8sync
quartus_eda --read_settings_files=off --write_settings_files=off rw_96x8_sync -c rw_96x8sync



